h:\git repos\fggc\cose50581 framework\debug\vc120.pdb
h:\git repos\fggc\cose50581 framework\debug\vc120.idb
h:\git repos\fggc\cose50581 framework\debug\gameobject.obj
h:\git repos\fggc\cose50581 framework\debug\application.obj
h:\git repos\fggc\cose50581 framework\debug\dx11 framework.obj
h:\git repos\fggc\cose50581 framework\debug\camera.obj
h:\git repos\fggc\cose50581 framework\debug\ddstextureloader.obj
h:\git repos\fggc\cose50581 framework\debug\lighting.cso
h:\git repos\fggc\cose50581 framework\debug\dx11 framework.ilk
h:\git repos\fggc\cose50581 framework\debug\dx11 framework.exe
h:\git repos\fggc\cose50581 framework\debug\dx11 framework.pdb
h:\git repos\fggc\cose50581 framework\debug\dx11 framework.res
h:\git repos\fggc\cose50581 framework\debug\object.obj
h:\git repos\fggc\cose50581 framework\debug\dx11 framework.tlog\cl.command.1.tlog
h:\git repos\fggc\cose50581 framework\debug\dx11 framework.tlog\cl.read.1.tlog
h:\git repos\fggc\cose50581 framework\debug\dx11 framework.tlog\cl.write.1.tlog
h:\git repos\fggc\cose50581 framework\debug\dx11 framework.tlog\dx11 framework.write.1u.tlog
h:\git repos\fggc\cose50581 framework\debug\dx11 framework.tlog\fxc.command.1.tlog
h:\git repos\fggc\cose50581 framework\debug\dx11 framework.tlog\fxc.read.1.tlog
h:\git repos\fggc\cose50581 framework\debug\dx11 framework.tlog\fxc.write.1.tlog
h:\git repos\fggc\cose50581 framework\debug\dx11 framework.tlog\link.command.1.tlog
h:\git repos\fggc\cose50581 framework\debug\dx11 framework.tlog\link.read.1.tlog
h:\git repos\fggc\cose50581 framework\debug\dx11 framework.tlog\link.write.1.tlog
h:\git repos\fggc\cose50581 framework\debug\dx11 framework.tlog\rc.command.1.tlog
h:\git repos\fggc\cose50581 framework\debug\dx11 framework.tlog\rc.read.1.tlog
h:\git repos\fggc\cose50581 framework\debug\dx11 framework.tlog\rc.write.1.tlog
